<?xml version="1.0" encoding="UTF-8"?>
<testsuite name="com.tr.example.tests.ContactDelete" tests="1" skipped="0" failures="0" errors="0" timestamp="2018-05-30T13:40:50" hostname="ALYOSHA" time="0.223">
  <properties/>
  <testcase name="contactDeletion" classname="com.tr.example.tests.ContactDelete" time="0.223"/>
  <system-out><![CDATA[]]></system-out>
  <system-err><![CDATA[]]></system-err>
</testsuite>
